<?xml version="1.0" encoding="UTF-8"?>
<!-- Generated by org.testng.reporters.JUnitReportReporter -->
<testsuite hostname="LAPTOP-IJQMP85J" failures="0" tests="2" name="Tutorial.HomePage" time="9.963" errors="0" timestamp="2021-05-22T19:52:12 IST" skipped="0">
  <testcase classname="Tutorial.HomePage" name="basePageNavigation" time="5.941"/>
  <system-out/>
  <testcase classname="Tutorial.HomePage" name="basePageNavigation" time="4.022"/>
  <system-out/>
</testsuite> <!-- Tutorial.HomePage -->
